{
  "0 error pnpm": {
    "code": "ERR_PNPM_UNSUPPORTED_ENGINE",
    "packageId": "/Users/radoslavpopov/workspace/arcane/alchemy",
    "wanted": {
      "node": ">=17",
      "pnpm": ">=7"
    },
    "current": {
      "node": "v16.13.0",
      "pnpm": "6.11.0"
    },
    "err": {
      "name": "Error",
      "message": "Unsupported engine for /Users/radoslavpopov/workspace/arcane/alchemy: wanted: {\"node\":\">=17\",\"pnpm\":\">=7\"} (current: {\"node\":\"v16.13.0\",\"pnpm\":\"6.11.0\"})",
      "code": "ERR_PNPM_UNSUPPORTED_ENGINE",
      "stack": "Error: Unsupported engine for /Users/radoslavpopov/workspace/arcane/alchemy: wanted: {\"node\":\">=17\",\"pnpm\":\">=7\"} (current: {\"node\":\"v16.13.0\",\"pnpm\":\"6.11.0\"})\n    at Object.checkEngine [as default] (/Users/radoslavpopov/.node/corepack/pnpm/6.11.0/dist/pnpm.cjs:35213:16)\n    at Object.checkPackage (/Users/radoslavpopov/.node/corepack/pnpm/6.11.0/dist/pnpm.cjs:35357:99)\n    at Object.packageIsInstallable (/Users/radoslavpopov/.node/corepack/pnpm/6.11.0/dist/pnpm.cjs:35381:44)\n    at Object.exports2.default (/Users/radoslavpopov/.node/corepack/pnpm/6.11.0/dist/pnpm.cjs:45870:21)\n    at async run (/Users/radoslavpopov/.node/corepack/pnpm/6.11.0/dist/pnpm.cjs:125553:29)\n    at async runPnpm (/Users/radoslavpopov/.node/corepack/pnpm/6.11.0/dist/pnpm.cjs:125799:5)\n    at async /Users/radoslavpopov/.node/corepack/pnpm/6.11.0/dist/pnpm.cjs:125791:7"
    }
  }
}